[2022-06-14 23:34:05Z INFO HostContext] No proxy settings were found based on environmental variables (http_proxy/https_proxy/HTTP_PROXY/HTTPS_PROXY)
[2022-06-14 23:34:05Z INFO HostContext] Well known directory 'Bin': '/home/ezzio/Documentos/projetos/particular/githubactions/actions-runner/bin'
[2022-06-14 23:34:05Z INFO HostContext] Well known directory 'Root': '/home/ezzio/Documentos/projetos/particular/githubactions/actions-runner'
[2022-06-14 23:34:05Z INFO HostContext] Well known config file 'Credentials': '/home/ezzio/Documentos/projetos/particular/githubactions/actions-runner/.credentials'
[2022-06-14 23:34:05Z INFO HostContext] Well known directory 'Bin': '/home/ezzio/Documentos/projetos/particular/githubactions/actions-runner/bin'
[2022-06-14 23:34:05Z INFO HostContext] Well known directory 'Root': '/home/ezzio/Documentos/projetos/particular/githubactions/actions-runner'
[2022-06-14 23:34:05Z INFO HostContext] Well known config file 'Runner': '/home/ezzio/Documentos/projetos/particular/githubactions/actions-runner/.runner'
[2022-06-14 23:34:05Z INFO Listener] Runner is built for Linux (X64) - linux-x64.
[2022-06-14 23:34:05Z INFO Listener] RuntimeInformation: Linux 5.14.0-1038-oem #42-Ubuntu SMP Thu May 19 05:03:08 UTC 2022.
[2022-06-14 23:34:05Z INFO Listener] Version: 2.292.0
[2022-06-14 23:34:05Z INFO Listener] Commit: d4b794dd645e16990ae0530bf977e26ab24be9d9
[2022-06-14 23:34:05Z INFO Listener] Culture: pt-BR
[2022-06-14 23:34:05Z INFO Listener] UI Culture: pt-BR
[2022-06-14 23:34:05Z INFO HostContext] Well known directory 'Bin': '/home/ezzio/Documentos/projetos/particular/githubactions/actions-runner/bin'
[2022-06-14 23:34:05Z INFO HostContext] Well known directory 'Root': '/home/ezzio/Documentos/projetos/particular/githubactions/actions-runner'
[2022-06-14 23:34:05Z INFO Listener] Validating directory permissions for: '/home/ezzio/Documentos/projetos/particular/githubactions/actions-runner'
[2022-06-14 23:34:05Z INFO CommandLineParser] Parse
[2022-06-14 23:34:05Z INFO CommandLineParser] Parsing 5 args
[2022-06-14 23:34:05Z INFO CommandLineParser] parsing argument
[2022-06-14 23:34:05Z INFO CommandLineParser] HasArgs: False
[2022-06-14 23:34:05Z INFO CommandLineParser] Adding Command: configure
[2022-06-14 23:34:05Z INFO CommandLineParser] parsing argument
[2022-06-14 23:34:05Z INFO CommandLineParser] HasArgs: True
[2022-06-14 23:34:05Z INFO CommandLineParser] arg: url
[2022-06-14 23:34:05Z INFO CommandLineParser] parsing argument
[2022-06-14 23:34:05Z INFO CommandLineParser] HasArgs: True
[2022-06-14 23:34:05Z INFO CommandLineParser] Adding option 'url': 'https://github.com/EzzioMoreira/githubactions'
[2022-06-14 23:34:05Z INFO CommandLineParser] parsing argument
[2022-06-14 23:34:05Z INFO CommandLineParser] HasArgs: True
[2022-06-14 23:34:05Z INFO CommandLineParser] arg: token
[2022-06-14 23:34:05Z INFO CommandLineParser] parsing argument
[2022-06-14 23:34:05Z INFO CommandLineParser] HasArgs: True
[2022-06-14 23:34:05Z INFO CommandLineParser] Adding option 'token': '***'
[2022-06-14 23:34:05Z INFO Listener] Arguments parsed
[2022-06-14 23:34:05Z INFO Runner] ExecuteCommand
[2022-06-14 23:34:05Z INFO ConfigurationStore] currentAssemblyLocation: /home/ezzio/Documentos/projetos/particular/githubactions/actions-runner/bin/Runner.Listener.dll
[2022-06-14 23:34:05Z INFO HostContext] Well known directory 'Bin': '/home/ezzio/Documentos/projetos/particular/githubactions/actions-runner/bin'
[2022-06-14 23:34:05Z INFO ConfigurationStore] binPath: /home/ezzio/Documentos/projetos/particular/githubactions/actions-runner/bin
[2022-06-14 23:34:05Z INFO HostContext] Well known directory 'Bin': '/home/ezzio/Documentos/projetos/particular/githubactions/actions-runner/bin'
[2022-06-14 23:34:05Z INFO HostContext] Well known directory 'Root': '/home/ezzio/Documentos/projetos/particular/githubactions/actions-runner'
[2022-06-14 23:34:05Z INFO ConfigurationStore] RootFolder: /home/ezzio/Documentos/projetos/particular/githubactions/actions-runner
[2022-06-14 23:34:05Z INFO HostContext] Well known directory 'Bin': '/home/ezzio/Documentos/projetos/particular/githubactions/actions-runner/bin'
[2022-06-14 23:34:05Z INFO HostContext] Well known directory 'Root': '/home/ezzio/Documentos/projetos/particular/githubactions/actions-runner'
[2022-06-14 23:34:05Z INFO HostContext] Well known config file 'Runner': '/home/ezzio/Documentos/projetos/particular/githubactions/actions-runner/.runner'
[2022-06-14 23:34:05Z INFO ConfigurationStore] ConfigFilePath: /home/ezzio/Documentos/projetos/particular/githubactions/actions-runner/.runner
[2022-06-14 23:34:05Z INFO HostContext] Well known directory 'Bin': '/home/ezzio/Documentos/projetos/particular/githubactions/actions-runner/bin'
[2022-06-14 23:34:05Z INFO HostContext] Well known directory 'Root': '/home/ezzio/Documentos/projetos/particular/githubactions/actions-runner'
[2022-06-14 23:34:05Z INFO HostContext] Well known config file 'Credentials': '/home/ezzio/Documentos/projetos/particular/githubactions/actions-runner/.credentials'
[2022-06-14 23:34:05Z INFO ConfigurationStore] CredFilePath: /home/ezzio/Documentos/projetos/particular/githubactions/actions-runner/.credentials
[2022-06-14 23:34:05Z INFO HostContext] Well known directory 'Bin': '/home/ezzio/Documentos/projetos/particular/githubactions/actions-runner/bin'
[2022-06-14 23:34:05Z INFO HostContext] Well known directory 'Root': '/home/ezzio/Documentos/projetos/particular/githubactions/actions-runner'
[2022-06-14 23:34:05Z INFO HostContext] Well known config file 'MigratedCredentials': '/home/ezzio/Documentos/projetos/particular/githubactions/actions-runner/.credentials_migrated'
[2022-06-14 23:34:05Z INFO ConfigurationStore] MigratedCredFilePath: /home/ezzio/Documentos/projetos/particular/githubactions/actions-runner/.credentials_migrated
[2022-06-14 23:34:05Z INFO HostContext] Well known directory 'Bin': '/home/ezzio/Documentos/projetos/particular/githubactions/actions-runner/bin'
[2022-06-14 23:34:05Z INFO HostContext] Well known directory 'Root': '/home/ezzio/Documentos/projetos/particular/githubactions/actions-runner'
[2022-06-14 23:34:05Z INFO HostContext] Well known config file 'Service': '/home/ezzio/Documentos/projetos/particular/githubactions/actions-runner/.service'
[2022-06-14 23:34:05Z INFO ConfigurationStore] ServiceConfigFilePath: /home/ezzio/Documentos/projetos/particular/githubactions/actions-runner/.service
[2022-06-14 23:34:05Z INFO CommandSettings] Flag 'help': 'False'
[2022-06-14 23:34:05Z INFO CommandSettings] Flag 'version': 'False'
[2022-06-14 23:34:05Z INFO CommandSettings] Flag 'commit': 'False'
[2022-06-14 23:34:05Z INFO CommandSettings] Flag 'check': 'False'
[2022-06-14 23:34:05Z INFO CommandSettings] Command 'configure': 'True'
[2022-06-14 23:34:05Z INFO Terminal] WRITE LINE: 
[2022-06-14 23:34:05Z INFO Terminal] WRITE LINE: --------------------------------------------------------------------------------
[2022-06-14 23:34:05Z INFO Terminal] WRITE LINE: |        ____ _ _   _   _       _          _        _   _                      |
[2022-06-14 23:34:05Z INFO Terminal] WRITE LINE: |       / ___(_) |_| | | |_   _| |__      / \   ___| |_(_) ___  _ __  ___      |
[2022-06-14 23:34:05Z INFO Terminal] WRITE LINE: |      | |  _| | __| |_| | | | | '_ \    / _ \ / __| __| |/ _ \| '_ \/ __|     |
[2022-06-14 23:34:05Z INFO Terminal] WRITE LINE: |      | |_| | | |_|  _  | |_| | |_) |  / ___ \ (__| |_| | (_) | | | \__ \     |
[2022-06-14 23:34:05Z INFO Terminal] WRITE LINE: |       \____|_|\__|_| |_|\__,_|_.__/  /_/   \_\___|\__|_|\___/|_| |_|___/     |
[2022-06-14 23:34:05Z INFO Terminal] WRITE LINE: |                                                                              |
[2022-06-14 23:34:05Z INFO Terminal] WRITE: |                       
[2022-06-14 23:34:05Z INFO Terminal] WRITE: Self-hosted runner registration
[2022-06-14 23:34:05Z INFO Terminal] WRITE LINE:                         |
[2022-06-14 23:34:05Z INFO Terminal] WRITE LINE: |                                                                              |
[2022-06-14 23:34:05Z INFO Terminal] WRITE LINE: --------------------------------------------------------------------------------
[2022-06-14 23:34:05Z INFO ConfigurationManager] ConfigureAsync
[2022-06-14 23:34:05Z INFO ConfigurationStore] IsConfigured()
[2022-06-14 23:34:05Z INFO ConfigurationStore] IsConfigured: False
[2022-06-14 23:34:05Z INFO ConfigurationManager] Is configured: False
[2022-06-14 23:34:05Z INFO CommandSettings] Arg 'url': 'https://github.com/EzzioMoreira/githubactions'
[2022-06-14 23:34:05Z INFO CommandSettings] Remove url from Arg dictionary.
[2022-06-14 23:34:05Z INFO CommandSettings] Arg 'token': '***'
[2022-06-14 23:34:05Z INFO CommandSettings] Remove token from Arg dictionary.
[2022-06-14 23:34:06Z INFO ConfigurationManager] Http response code: OK from 'POST https://api.github.com/actions/runner-registration'
[2022-06-14 23:34:06Z INFO ConfigurationManager] cred retrieved via GitHub auth
[2022-06-14 23:34:06Z INFO RunnerServer] Establish connection with 100 seconds timeout.
[2022-06-14 23:34:06Z INFO GitHubActionsService] Starting operation Location.GetConnectionData
[2022-06-14 23:34:06Z INFO RunnerServer] Establish connection with 60 seconds timeout.
[2022-06-14 23:34:06Z INFO GitHubActionsService] Starting operation Location.GetConnectionData
[2022-06-14 23:34:06Z INFO RunnerServer] Establish connection with 60 seconds timeout.
[2022-06-14 23:34:06Z INFO GitHubActionsService] Starting operation Location.GetConnectionData
[2022-06-14 23:34:08Z INFO GitHubActionsService] Finished operation Location.GetConnectionData
[2022-06-14 23:34:08Z INFO GitHubActionsService] Finished operation Location.GetConnectionData
[2022-06-14 23:34:08Z INFO GitHubActionsService] Finished operation Location.GetConnectionData
[2022-06-14 23:34:08Z INFO Terminal] WRITE LINE: 
[2022-06-14 23:34:08Z INFO ConfigurationManager] Test Connection complete.
[2022-06-14 23:34:08Z INFO HostContext] Well known directory 'Bin': '/home/ezzio/Documentos/projetos/particular/githubactions/actions-runner/bin'
[2022-06-14 23:34:08Z INFO HostContext] Well known directory 'Root': '/home/ezzio/Documentos/projetos/particular/githubactions/actions-runner'
[2022-06-14 23:34:08Z INFO HostContext] Well known config file 'RSACredentials': '/home/ezzio/Documentos/projetos/particular/githubactions/actions-runner/.credentials_rsaparams'
[2022-06-14 23:34:08Z INFO RSAFileKeyManager] Creating new RSA key using 2048-bit key length
[2022-06-14 23:34:08Z INFO RSAFileKeyManager] Successfully saved RSA key parameters to file /home/ezzio/Documentos/projetos/particular/githubactions/actions-runner/.credentials_rsaparams
[2022-06-14 23:34:08Z INFO RSAFileKeyManager] Which: 'chmod'
[2022-06-14 23:34:08Z INFO RSAFileKeyManager] Location: '/usr/bin/chmod'
[2022-06-14 23:34:08Z INFO HostContext] Well known directory 'Bin': '/home/ezzio/Documentos/projetos/particular/githubactions/actions-runner/bin'
[2022-06-14 23:34:08Z INFO HostContext] Well known directory 'Root': '/home/ezzio/Documentos/projetos/particular/githubactions/actions-runner'
[2022-06-14 23:34:08Z INFO ProcessInvokerWrapper] Starting process:
[2022-06-14 23:34:08Z INFO ProcessInvokerWrapper]   File name: '/usr/bin/chmod'
[2022-06-14 23:34:08Z INFO ProcessInvokerWrapper]   Arguments: '600 /home/ezzio/Documentos/projetos/particular/githubactions/actions-runner/.credentials_rsaparams'
[2022-06-14 23:34:08Z INFO ProcessInvokerWrapper]   Working directory: '/home/ezzio/Documentos/projetos/particular/githubactions/actions-runner'
[2022-06-14 23:34:08Z INFO ProcessInvokerWrapper]   Require exit code zero: 'False'
[2022-06-14 23:34:08Z INFO ProcessInvokerWrapper]   Encoding web name:  ; code page: ''
[2022-06-14 23:34:08Z INFO ProcessInvokerWrapper]   Force kill process on cancellation: 'False'
[2022-06-14 23:34:08Z INFO ProcessInvokerWrapper]   Redirected STDIN: 'False'
[2022-06-14 23:34:08Z INFO ProcessInvokerWrapper]   Persist current code page: 'False'
[2022-06-14 23:34:08Z INFO ProcessInvokerWrapper]   Keep redirected STDIN open: 'False'
[2022-06-14 23:34:08Z INFO ProcessInvokerWrapper]   High priority process: 'False'
[2022-06-14 23:34:08Z INFO ProcessInvokerWrapper] Process started with process id 840775, waiting for process exit.
[2022-06-14 23:34:08Z INFO ProcessInvokerWrapper] STDOUT/STDERR stream read finished.
[2022-06-14 23:34:08Z INFO ProcessInvokerWrapper] STDOUT/STDERR stream read finished.
[2022-06-14 23:34:08Z INFO ProcessInvokerWrapper] Finished process 840775 with exit code 0, and elapsed time 00:00:00.0050282.
[2022-06-14 23:34:08Z INFO RSAFileKeyManager] Successfully set permissions for RSA key parameters file /home/ezzio/Documentos/projetos/particular/githubactions/actions-runner/.credentials_rsaparams
[2022-06-14 23:34:08Z INFO CommandSettings] Arg 'runnergroup': ''
[2022-06-14 23:34:08Z INFO CommandSettings] Flag 'unattended': 'False'
[2022-06-14 23:34:08Z INFO PromptManager] ReadValue
[2022-06-14 23:34:08Z INFO Terminal] WRITE: Enter the name of the runner group to add this runner to: 
[2022-06-14 23:34:08Z INFO Terminal] WRITE: [press Enter for Default] 
[2022-06-14 23:34:08Z INFO Terminal] READ LINE
[2022-06-14 23:34:18Z INFO Terminal] Read value: 'notebook-dell'
[2022-06-14 23:34:18Z INFO Terminal] WRITE LINE: 
[2022-06-14 23:34:18Z ERR  Runner] GitHub.DistributedTask.WebApi.TaskAgentPoolNotFoundException: Could not find any self-hosted runner group named "notebook-dell".
   at GitHub.Runner.Listener.Configuration.ConfigurationManager.ConfigureAsync(CommandSettings command)
   at GitHub.Runner.Listener.Runner.ExecuteCommand(CommandSettings command)
[2022-06-14 23:34:18Z ERR  Terminal] WRITE ERROR: Could not find any self-hosted runner group named "notebook-dell".
[2022-06-14 23:34:18Z INFO Listener] Runner execution has finished with return code 1
