[2022-06-14 23:35:08Z INFO HostContext] No proxy settings were found based on environmental variables (http_proxy/https_proxy/HTTP_PROXY/HTTPS_PROXY)
[2022-06-14 23:35:08Z INFO HostContext] Well known directory 'Bin': '/home/ezzio/Documentos/projetos/particular/githubactions/actions-runner/bin'
[2022-06-14 23:35:08Z INFO HostContext] Well known directory 'Root': '/home/ezzio/Documentos/projetos/particular/githubactions/actions-runner'
[2022-06-14 23:35:08Z INFO HostContext] Well known config file 'Credentials': '/home/ezzio/Documentos/projetos/particular/githubactions/actions-runner/.credentials'
[2022-06-14 23:35:08Z INFO HostContext] Well known directory 'Bin': '/home/ezzio/Documentos/projetos/particular/githubactions/actions-runner/bin'
[2022-06-14 23:35:08Z INFO HostContext] Well known directory 'Root': '/home/ezzio/Documentos/projetos/particular/githubactions/actions-runner'
[2022-06-14 23:35:08Z INFO HostContext] Well known config file 'Runner': '/home/ezzio/Documentos/projetos/particular/githubactions/actions-runner/.runner'
[2022-06-14 23:35:08Z INFO Listener] Runner is built for Linux (X64) - linux-x64.
[2022-06-14 23:35:08Z INFO Listener] RuntimeInformation: Linux 5.14.0-1038-oem #42-Ubuntu SMP Thu May 19 05:03:08 UTC 2022.
[2022-06-14 23:35:08Z INFO Listener] Version: 2.292.0
[2022-06-14 23:35:08Z INFO Listener] Commit: d4b794dd645e16990ae0530bf977e26ab24be9d9
[2022-06-14 23:35:08Z INFO Listener] Culture: pt-BR
[2022-06-14 23:35:08Z INFO Listener] UI Culture: pt-BR
[2022-06-14 23:35:08Z INFO HostContext] Well known directory 'Bin': '/home/ezzio/Documentos/projetos/particular/githubactions/actions-runner/bin'
[2022-06-14 23:35:08Z INFO HostContext] Well known directory 'Root': '/home/ezzio/Documentos/projetos/particular/githubactions/actions-runner'
[2022-06-14 23:35:08Z INFO Listener] Validating directory permissions for: '/home/ezzio/Documentos/projetos/particular/githubactions/actions-runner'
[2022-06-14 23:35:08Z INFO CommandLineParser] Parse
[2022-06-14 23:35:08Z INFO CommandLineParser] Parsing 5 args
[2022-06-14 23:35:08Z INFO CommandLineParser] parsing argument
[2022-06-14 23:35:08Z INFO CommandLineParser] HasArgs: False
[2022-06-14 23:35:08Z INFO CommandLineParser] Adding Command: configure
[2022-06-14 23:35:08Z INFO CommandLineParser] parsing argument
[2022-06-14 23:35:08Z INFO CommandLineParser] HasArgs: True
[2022-06-14 23:35:08Z INFO CommandLineParser] arg: url
[2022-06-14 23:35:08Z INFO CommandLineParser] parsing argument
[2022-06-14 23:35:08Z INFO CommandLineParser] HasArgs: True
[2022-06-14 23:35:08Z INFO CommandLineParser] Adding option 'url': 'https://github.com/EzzioMoreira/githubactions'
[2022-06-14 23:35:08Z INFO CommandLineParser] parsing argument
[2022-06-14 23:35:08Z INFO CommandLineParser] HasArgs: True
[2022-06-14 23:35:08Z INFO CommandLineParser] arg: token
[2022-06-14 23:35:08Z INFO CommandLineParser] parsing argument
[2022-06-14 23:35:08Z INFO CommandLineParser] HasArgs: True
[2022-06-14 23:35:08Z INFO CommandLineParser] Adding option 'token': '***'
[2022-06-14 23:35:08Z INFO Listener] Arguments parsed
[2022-06-14 23:35:08Z INFO Runner] ExecuteCommand
[2022-06-14 23:35:08Z INFO ConfigurationStore] currentAssemblyLocation: /home/ezzio/Documentos/projetos/particular/githubactions/actions-runner/bin/Runner.Listener.dll
[2022-06-14 23:35:08Z INFO HostContext] Well known directory 'Bin': '/home/ezzio/Documentos/projetos/particular/githubactions/actions-runner/bin'
[2022-06-14 23:35:08Z INFO ConfigurationStore] binPath: /home/ezzio/Documentos/projetos/particular/githubactions/actions-runner/bin
[2022-06-14 23:35:08Z INFO HostContext] Well known directory 'Bin': '/home/ezzio/Documentos/projetos/particular/githubactions/actions-runner/bin'
[2022-06-14 23:35:08Z INFO HostContext] Well known directory 'Root': '/home/ezzio/Documentos/projetos/particular/githubactions/actions-runner'
[2022-06-14 23:35:08Z INFO ConfigurationStore] RootFolder: /home/ezzio/Documentos/projetos/particular/githubactions/actions-runner
[2022-06-14 23:35:08Z INFO HostContext] Well known directory 'Bin': '/home/ezzio/Documentos/projetos/particular/githubactions/actions-runner/bin'
[2022-06-14 23:35:08Z INFO HostContext] Well known directory 'Root': '/home/ezzio/Documentos/projetos/particular/githubactions/actions-runner'
[2022-06-14 23:35:08Z INFO HostContext] Well known config file 'Runner': '/home/ezzio/Documentos/projetos/particular/githubactions/actions-runner/.runner'
[2022-06-14 23:35:08Z INFO ConfigurationStore] ConfigFilePath: /home/ezzio/Documentos/projetos/particular/githubactions/actions-runner/.runner
[2022-06-14 23:35:08Z INFO HostContext] Well known directory 'Bin': '/home/ezzio/Documentos/projetos/particular/githubactions/actions-runner/bin'
[2022-06-14 23:35:08Z INFO HostContext] Well known directory 'Root': '/home/ezzio/Documentos/projetos/particular/githubactions/actions-runner'
[2022-06-14 23:35:08Z INFO HostContext] Well known config file 'Credentials': '/home/ezzio/Documentos/projetos/particular/githubactions/actions-runner/.credentials'
[2022-06-14 23:35:08Z INFO ConfigurationStore] CredFilePath: /home/ezzio/Documentos/projetos/particular/githubactions/actions-runner/.credentials
[2022-06-14 23:35:08Z INFO HostContext] Well known directory 'Bin': '/home/ezzio/Documentos/projetos/particular/githubactions/actions-runner/bin'
[2022-06-14 23:35:08Z INFO HostContext] Well known directory 'Root': '/home/ezzio/Documentos/projetos/particular/githubactions/actions-runner'
[2022-06-14 23:35:08Z INFO HostContext] Well known config file 'MigratedCredentials': '/home/ezzio/Documentos/projetos/particular/githubactions/actions-runner/.credentials_migrated'
[2022-06-14 23:35:08Z INFO ConfigurationStore] MigratedCredFilePath: /home/ezzio/Documentos/projetos/particular/githubactions/actions-runner/.credentials_migrated
[2022-06-14 23:35:08Z INFO HostContext] Well known directory 'Bin': '/home/ezzio/Documentos/projetos/particular/githubactions/actions-runner/bin'
[2022-06-14 23:35:08Z INFO HostContext] Well known directory 'Root': '/home/ezzio/Documentos/projetos/particular/githubactions/actions-runner'
[2022-06-14 23:35:08Z INFO HostContext] Well known config file 'Service': '/home/ezzio/Documentos/projetos/particular/githubactions/actions-runner/.service'
[2022-06-14 23:35:08Z INFO ConfigurationStore] ServiceConfigFilePath: /home/ezzio/Documentos/projetos/particular/githubactions/actions-runner/.service
[2022-06-14 23:35:08Z INFO CommandSettings] Flag 'help': 'False'
[2022-06-14 23:35:08Z INFO CommandSettings] Flag 'version': 'False'
[2022-06-14 23:35:08Z INFO CommandSettings] Flag 'commit': 'False'
[2022-06-14 23:35:08Z INFO CommandSettings] Flag 'check': 'False'
[2022-06-14 23:35:08Z INFO CommandSettings] Command 'configure': 'True'
[2022-06-14 23:35:09Z INFO Terminal] WRITE LINE: 
[2022-06-14 23:35:09Z INFO Terminal] WRITE LINE: --------------------------------------------------------------------------------
[2022-06-14 23:35:09Z INFO Terminal] WRITE LINE: |        ____ _ _   _   _       _          _        _   _                      |
[2022-06-14 23:35:09Z INFO Terminal] WRITE LINE: |       / ___(_) |_| | | |_   _| |__      / \   ___| |_(_) ___  _ __  ___      |
[2022-06-14 23:35:09Z INFO Terminal] WRITE LINE: |      | |  _| | __| |_| | | | | '_ \    / _ \ / __| __| |/ _ \| '_ \/ __|     |
[2022-06-14 23:35:09Z INFO Terminal] WRITE LINE: |      | |_| | | |_|  _  | |_| | |_) |  / ___ \ (__| |_| | (_) | | | \__ \     |
[2022-06-14 23:35:09Z INFO Terminal] WRITE LINE: |       \____|_|\__|_| |_|\__,_|_.__/  /_/   \_\___|\__|_|\___/|_| |_|___/     |
[2022-06-14 23:35:09Z INFO Terminal] WRITE LINE: |                                                                              |
[2022-06-14 23:35:09Z INFO Terminal] WRITE: |                       
[2022-06-14 23:35:09Z INFO Terminal] WRITE: Self-hosted runner registration
[2022-06-14 23:35:09Z INFO Terminal] WRITE LINE:                         |
[2022-06-14 23:35:09Z INFO Terminal] WRITE LINE: |                                                                              |
[2022-06-14 23:35:09Z INFO Terminal] WRITE LINE: --------------------------------------------------------------------------------
[2022-06-14 23:35:09Z INFO ConfigurationManager] ConfigureAsync
[2022-06-14 23:35:09Z INFO ConfigurationStore] IsConfigured()
[2022-06-14 23:35:09Z INFO ConfigurationStore] IsConfigured: True
[2022-06-14 23:35:09Z INFO ConfigurationManager] Is configured: True
[2022-06-14 23:35:09Z ERR  Runner] System.InvalidOperationException: Cannot configure the runner because it is already configured. To reconfigure the runner, run 'config.cmd remove' or './config.sh remove' first.
   at GitHub.Runner.Listener.Configuration.ConfigurationManager.ConfigureAsync(CommandSettings command)
   at GitHub.Runner.Listener.Runner.ExecuteCommand(CommandSettings command)
[2022-06-14 23:35:09Z ERR  Terminal] WRITE ERROR: Cannot configure the runner because it is already configured. To reconfigure the runner, run 'config.cmd remove' or './config.sh remove' first.
[2022-06-14 23:35:09Z INFO Listener] Runner execution has finished with return code 1
